<?xml version="1.0" encoding="UTF-8" ?>
<testsuite tests="60" failures="0" name="org.apache.xmpbox.schema.DublinCoreTest" time="0.639" errors="0" skipped="0">
  <properties>
    <property name="java.runtime.name" value="Java(TM) SE Runtime Environment"/>
    <property name="sun.boot.library.path" value="C:\Program Files\Java\jdk1.8.0_25\jre\bin"/>
    <property name="java.vm.version" value="25.25-b02"/>
    <property name="java.vm.vendor" value="Oracle Corporation"/>
    <property name="maven.multiModuleProjectDirectory" value="C:\Users\Noam\1.8"/>
    <property name="java.vendor.url" value="http://java.oracle.com/"/>
    <property name="path.separator" value=";"/>
    <property name="guice.disable.misplaced.annotation.check" value="true"/>
    <property name="java.vm.name" value="Java HotSpot(TM) 64-Bit Server VM"/>
    <property name="file.encoding.pkg" value="sun.io"/>
    <property name="user.script" value=""/>
    <property name="user.country" value="US"/>
    <property name="sun.java.launcher" value="SUN_STANDARD"/>
    <property name="sun.os.patch.level" value=""/>
    <property name="java.vm.specification.name" value="Java Virtual Machine Specification"/>
    <property name="user.dir" value="C:\Users\Noam\1.8"/>
    <property name="java.runtime.version" value="1.8.0_25-b18"/>
    <property name="java.awt.graphicsenv" value="sun.awt.Win32GraphicsEnvironment"/>
    <property name="java.endorsed.dirs" value="C:\Program Files\Java\jdk1.8.0_25\jre\lib\endorsed"/>
    <property name="os.arch" value="amd64"/>
    <property name="java.io.tmpdir" value="C:\Users\Noam\AppData\Local\Temp\"/>
    <property name="line.separator" value="
"/>
    <property name="java.vm.specification.vendor" value="Oracle Corporation"/>
    <property name="user.variant" value=""/>
    <property name="os.name" value="Windows 8.1"/>
    <property name="classworlds.conf" value="C:\Program Files\Apache\apache-maven-3.3.3\bin\..\bin\m2.conf"/>
    <property name="sun.jnu.encoding" value="Cp1255"/>
    <property name="java.library.path" value="C:\Program Files\Java\jdk1.8.0_25\bin;C:\Windows\Sun\Java\bin;C:\Windows\system32;C:\Windows;C:\ProgramData\Oracle\Java\javapath;C:\Program Files (x86)\PC Connectivity Solution\;C:\Program Files (x86)\NVIDIA Corporation\PhysX\Common;C:\cygwin64\bin;C:/cygwin64/usr/bin;C:\Program Files\Broadcom\Broadcom 802.11 Network Adapter;C:\Windows\system32;C:\Windows;C:\Windows\System32\Wbem;C:\Windows\System32\WindowsPowerShell\v1.0\;C:\Program Files (x86)\Git\cmd;C:\Program Files\MATLAB\R2013a\runtime\win64;C:\Program Files\MATLAB\R2013a\bin;C:\Program Files\Java\jdk1.8.0_25\bin;C:\Program Files\Java\jre1.8.0_25\bin;C:\Program Files (x86)\Java\jdk1.8.0_25\bin;C:\Program Files (x86)\Java\jre1.8.0_25\bin;C:\strawberry\c\bin;C:\strawberry\perl\site\bin;C:\strawberry\perl\bin;C:\Program Files\Microsoft SQL Server\110\Tools\Binn\;C:\Program Files (x86)\Microsoft ASP.NET\ASP.NET Web Pages\v1.0\;C:\Program Files (x86)\Windows Kits\8.1\Windows Performance Toolkit\;C:\Program Files\Microsoft SQL Server\120\Tools\Binn\;C:\Program Files\Microsoft\Web Platform Installer\;C:\Program Files (x86)\Microsoft SDKs\TypeScript\1.0\;C:\Program Files\Curl\;C:\Program Files\Apache\apache-maven-3.3.3\bin;."/>
    <property name="java.specification.name" value="Java Platform API Specification"/>
    <property name="java.class.version" value="52.0"/>
    <property name="sun.management.compiler" value="HotSpot 64-Bit Tiered Compilers"/>
    <property name="os.version" value="6.3"/>
    <property name="user.home" value="C:\Users\Noam"/>
    <property name="user.timezone" value="Asia/Jerusalem"/>
    <property name="java.awt.printerjob" value="sun.awt.windows.WPrinterJob"/>
    <property name="java.specification.version" value="1.8"/>
    <property name="file.encoding" value="Cp1255"/>
    <property name="user.name" value="Noam"/>
    <property name="java.class.path" value="C:\Program Files\Apache\apache-maven-3.3.3\bin\..\boot\plexus-classworlds-2.5.2.jar"/>
    <property name="java.vm.specification.version" value="1.8"/>
    <property name="sun.arch.data.model" value="64"/>
    <property name="java.home" value="C:\Program Files\Java\jdk1.8.0_25\jre"/>
    <property name="sun.java.command" value="org.codehaus.plexus.classworlds.launcher.Launcher clean install source:jar"/>
    <property name="java.specification.vendor" value="Oracle Corporation"/>
    <property name="user.language" value="en"/>
    <property name="awt.toolkit" value="sun.awt.windows.WToolkit"/>
    <property name="java.vm.info" value="mixed mode"/>
    <property name="java.version" value="1.8.0_25"/>
    <property name="java.ext.dirs" value="C:\Program Files\Java\jdk1.8.0_25\jre\lib\ext;C:\Windows\Sun\Java\lib\ext"/>
    <property name="sun.boot.class.path" value="C:\Program Files\Java\jdk1.8.0_25\jre\lib\resources.jar;C:\Program Files\Java\jdk1.8.0_25\jre\lib\rt.jar;C:\Program Files\Java\jdk1.8.0_25\jre\lib\sunrsasign.jar;C:\Program Files\Java\jdk1.8.0_25\jre\lib\jsse.jar;C:\Program Files\Java\jdk1.8.0_25\jre\lib\jce.jar;C:\Program Files\Java\jdk1.8.0_25\jre\lib\charsets.jar;C:\Program Files\Java\jdk1.8.0_25\jre\lib\jfr.jar;C:\Program Files\Java\jdk1.8.0_25\jre\classes"/>
    <property name="sun.stderr.encoding" value="cp862"/>
    <property name="java.vendor" value="Oracle Corporation"/>
    <property name="maven.home" value="C:\Program Files\Apache\apache-maven-3.3.3\bin\.."/>
    <property name="file.separator" value="\"/>
    <property name="java.vendor.url.bug" value="http://bugreport.sun.com/bugreport/"/>
    <property name="sun.cpu.endian" value="little"/>
    <property name="sun.io.unicode.encoding" value="UnicodeLittle"/>
    <property name="sun.stdout.encoding" value="cp862"/>
    <property name="sun.desktop" value="windows"/>
    <property name="sun.cpu.isalist" value="amd64"/>
  </properties>
  <testcase classname="org.apache.xmpbox.schema.DublinCoreTest" name="testInitializedToNull[0]" time="0.048"/>
  <testcase classname="org.apache.xmpbox.schema.DublinCoreTest" name="testPropertySetterSimple[0]" time="0.008"/>
  <testcase classname="org.apache.xmpbox.schema.DublinCoreTest" name="testPropertySetterInArray[0]" time="0.299"/>
  <testcase classname="org.apache.xmpbox.schema.DublinCoreTest" name="testSettingValueInArray[0]" time="0.009"/>
  <testcase classname="org.apache.xmpbox.schema.DublinCoreTest" name="testSettingValue[0]" time="0.004"/>
  <testcase classname="org.apache.xmpbox.schema.DublinCoreTest" name="testInitializedToNull[1]" time="0.004"/>
  <testcase classname="org.apache.xmpbox.schema.DublinCoreTest" name="testPropertySetterSimple[1]" time="0.005"/>
  <testcase classname="org.apache.xmpbox.schema.DublinCoreTest" name="testPropertySetterInArray[1]" time="0.003"/>
  <testcase classname="org.apache.xmpbox.schema.DublinCoreTest" name="testSettingValueInArray[1]" time="0.003"/>
  <testcase classname="org.apache.xmpbox.schema.DublinCoreTest" name="testSettingValue[1]" time="0.004"/>
  <testcase classname="org.apache.xmpbox.schema.DublinCoreTest" name="testInitializedToNull[2]" time="0.004"/>
  <testcase classname="org.apache.xmpbox.schema.DublinCoreTest" name="testPropertySetterSimple[2]" time="0.004"/>
  <testcase classname="org.apache.xmpbox.schema.DublinCoreTest" name="testPropertySetterInArray[2]" time="0.007"/>
  <testcase classname="org.apache.xmpbox.schema.DublinCoreTest" name="testSettingValueInArray[2]" time="0.004"/>
  <testcase classname="org.apache.xmpbox.schema.DublinCoreTest" name="testSettingValue[2]" time="0.004"/>
  <testcase classname="org.apache.xmpbox.schema.DublinCoreTest" name="testInitializedToNull[3]" time="0.007"/>
  <testcase classname="org.apache.xmpbox.schema.DublinCoreTest" name="testPropertySetterSimple[3]" time="0.004"/>
  <testcase classname="org.apache.xmpbox.schema.DublinCoreTest" name="testPropertySetterInArray[3]" time="0.004"/>
  <testcase classname="org.apache.xmpbox.schema.DublinCoreTest" name="testSettingValueInArray[3]" time="0.006"/>
  <testcase classname="org.apache.xmpbox.schema.DublinCoreTest" name="testSettingValue[3]" time="0.009"/>
  <testcase classname="org.apache.xmpbox.schema.DublinCoreTest" name="testInitializedToNull[4]" time="0.004"/>
  <testcase classname="org.apache.xmpbox.schema.DublinCoreTest" name="testPropertySetterSimple[4]" time="0.006"/>
  <testcase classname="org.apache.xmpbox.schema.DublinCoreTest" name="testPropertySetterInArray[4]" time="0.005"/>
  <testcase classname="org.apache.xmpbox.schema.DublinCoreTest" name="testSettingValueInArray[4]" time="0.005"/>
  <testcase classname="org.apache.xmpbox.schema.DublinCoreTest" name="testSettingValue[4]" time="0.004"/>
  <testcase classname="org.apache.xmpbox.schema.DublinCoreTest" name="testInitializedToNull[5]" time="0.004"/>
  <testcase classname="org.apache.xmpbox.schema.DublinCoreTest" name="testPropertySetterSimple[5]" time="0.003"/>
  <testcase classname="org.apache.xmpbox.schema.DublinCoreTest" name="testPropertySetterInArray[5]" time="0.006"/>
  <testcase classname="org.apache.xmpbox.schema.DublinCoreTest" name="testSettingValueInArray[5]" time="0.005"/>
  <testcase classname="org.apache.xmpbox.schema.DublinCoreTest" name="testSettingValue[5]" time="0.005"/>
  <testcase classname="org.apache.xmpbox.schema.DublinCoreTest" name="testInitializedToNull[6]" time="0.003"/>
  <testcase classname="org.apache.xmpbox.schema.DublinCoreTest" name="testPropertySetterSimple[6]" time="0.004"/>
  <testcase classname="org.apache.xmpbox.schema.DublinCoreTest" name="testPropertySetterInArray[6]" time="0.005"/>
  <testcase classname="org.apache.xmpbox.schema.DublinCoreTest" name="testSettingValueInArray[6]" time="0.004"/>
  <testcase classname="org.apache.xmpbox.schema.DublinCoreTest" name="testSettingValue[6]" time="0.003"/>
  <testcase classname="org.apache.xmpbox.schema.DublinCoreTest" name="testInitializedToNull[7]" time="0.004"/>
  <testcase classname="org.apache.xmpbox.schema.DublinCoreTest" name="testPropertySetterSimple[7]" time="0.005"/>
  <testcase classname="org.apache.xmpbox.schema.DublinCoreTest" name="testPropertySetterInArray[7]" time="0.003"/>
  <testcase classname="org.apache.xmpbox.schema.DublinCoreTest" name="testSettingValueInArray[7]" time="0.007"/>
  <testcase classname="org.apache.xmpbox.schema.DublinCoreTest" name="testSettingValue[7]" time="0.005"/>
  <testcase classname="org.apache.xmpbox.schema.DublinCoreTest" name="testInitializedToNull[8]" time="0.004"/>
  <testcase classname="org.apache.xmpbox.schema.DublinCoreTest" name="testPropertySetterSimple[8]" time="0.005"/>
  <testcase classname="org.apache.xmpbox.schema.DublinCoreTest" name="testPropertySetterInArray[8]" time="0.004"/>
  <testcase classname="org.apache.xmpbox.schema.DublinCoreTest" name="testSettingValueInArray[8]" time="0.004"/>
  <testcase classname="org.apache.xmpbox.schema.DublinCoreTest" name="testSettingValue[8]" time="0.003"/>
  <testcase classname="org.apache.xmpbox.schema.DublinCoreTest" name="testInitializedToNull[9]" time="0.004"/>
  <testcase classname="org.apache.xmpbox.schema.DublinCoreTest" name="testPropertySetterSimple[9]" time="0.006"/>
  <testcase classname="org.apache.xmpbox.schema.DublinCoreTest" name="testPropertySetterInArray[9]" time="0.005"/>
  <testcase classname="org.apache.xmpbox.schema.DublinCoreTest" name="testSettingValueInArray[9]" time="0.003"/>
  <testcase classname="org.apache.xmpbox.schema.DublinCoreTest" name="testSettingValue[9]" time="0.005"/>
  <testcase classname="org.apache.xmpbox.schema.DublinCoreTest" name="testInitializedToNull[10]" time="0.006"/>
  <testcase classname="org.apache.xmpbox.schema.DublinCoreTest" name="testPropertySetterSimple[10]" time="0.003"/>
  <testcase classname="org.apache.xmpbox.schema.DublinCoreTest" name="testPropertySetterInArray[10]" time="0.003"/>
  <testcase classname="org.apache.xmpbox.schema.DublinCoreTest" name="testSettingValueInArray[10]" time="0.003"/>
  <testcase classname="org.apache.xmpbox.schema.DublinCoreTest" name="testSettingValue[10]" time="0.005"/>
  <testcase classname="org.apache.xmpbox.schema.DublinCoreTest" name="testInitializedToNull[11]" time="0.003"/>
  <testcase classname="org.apache.xmpbox.schema.DublinCoreTest" name="testPropertySetterSimple[11]" time="0.005"/>
  <testcase classname="org.apache.xmpbox.schema.DublinCoreTest" name="testPropertySetterInArray[11]" time="0.005"/>
  <testcase classname="org.apache.xmpbox.schema.DublinCoreTest" name="testSettingValueInArray[11]" time="0.013"/>
  <testcase classname="org.apache.xmpbox.schema.DublinCoreTest" name="testSettingValue[11]" time="0.002"/>
</testsuite>